INFO:root:Database created successfully.
INFO:root:Database created successfully.
INFO:root:Database created successfully.
INFO:root:Database created successfully.
INFO:root:Database created successfully.
WARNING:root:Failed login attempt for user divyesh.
INFO:root:Database created successfully.
INFO:root:Database created successfully.
INFO:root:Database created successfully.
INFO:root:Database created successfully.
INFO:root:Database created successfully.
INFO:root:Database created successfully.
INFO:root:Database created successfully.
INFO:root:Database created successfully.
INFO:root:Database created successfully.
INFO:root:Database created successfully.
INFO:root:Database created successfully.
INFO:root:Database created successfully.
INFO:root:Database created successfully.
INFO:root:Database created successfully.
INFO:root:Database created successfully.
INFO:root:Database created successfully.
INFO:root:Database created successfully.
INFO:root:Database created successfully.
INFO:root:Database created successfully.
INFO:root:Database created successfully.
INFO:root:Database created successfully.
INFO:root:Database created successfully.
INFO:root:Retrieved roadmap history for user divyesh.
INFO:root:Database created successfully.
INFO:root:Retrieved roadmap history for user divyesh.
INFO:root:Database created successfully.
INFO:root:Database created successfully.
INFO:root:Database created successfully.
INFO:root:Database created successfully.
INFO:root:Database created successfully.
INFO:root:Database created successfully.
INFO:root:Database created successfully.
INFO:root:Database created successfully.
INFO:root:Database created successfully.
INFO:root:Retrieved roadmap history for user divyesh.
INFO:root:Database created successfully.
INFO:root:Retrieved roadmap history for user divyesh.
INFO:httpx:HTTP Request: POST http://127.0.0.1:11434/api/generate "HTTP/1.1 200 OK"
INFO:root:Roadmap saved for user divyesh.
INFO:root:Database created successfully.
INFO:root:Retrieved roadmap history for user divyesh.
INFO:root:Database created successfully.
INFO:root:Retrieved roadmap history for user divyesh.
INFO:root:Database created successfully.
INFO:root:Retrieved roadmap history for user divyesh.
INFO:root:Database created successfully.
INFO:root:Retrieved roadmap history for user divyesh.
INFO:root:Database created successfully.
INFO:root:Database created successfully.
INFO:root:Database created successfully.
INFO:root:Database created successfully.
INFO:root:Database created successfully.
INFO:root:Database created successfully.
INFO:root:Database created successfully.
INFO:root:Retrieved roadmap history for user divyesh.
INFO:root:Database created successfully.
INFO:root:Retrieved roadmap history for user divyesh.
INFO:root:Database created successfully.
INFO:root:Database created successfully.
INFO:root:Database created successfully.
INFO:root:Database created successfully.
INFO:root:Database created successfully.
INFO:root:Database created successfully.
INFO:root:Retrieved roadmap history for user divyesh.
INFO:root:Database created successfully.
INFO:root:Retrieved roadmap history for user divyesh.
INFO:root:Database created successfully.
INFO:root:Database created successfully.
INFO:root:Database created successfully.
INFO:root:Database created successfully.
INFO:root:Database created successfully.
INFO:root:Database created successfully.
INFO:root:Database created successfully.
INFO:root:Database created successfully.
INFO:root:Database created successfully.
INFO:root:Database created successfully.
INFO:root:Retrieved roadmap history for user divyesh.
INFO:httpx:HTTP Request: POST http://127.0.0.1:11434/api/generate "HTTP/1.1 200 OK"
INFO:root:Database created successfully.
INFO:root:Retrieved roadmap history for user divyesh.
INFO:httpx:HTTP Request: POST http://127.0.0.1:11434/api/generate "HTTP/1.1 200 OK"
INFO:root:Database created successfully.
INFO:root:Retrieved roadmap history for user divyesh.
INFO:httpx:HTTP Request: POST http://127.0.0.1:11434/api/generate "HTTP/1.1 200 OK"
INFO:root:Roadmap saved for user divyesh.
INFO:root:Database created successfully.
INFO:root:Retrieved roadmap history for user divyesh.
INFO:root:Database created successfully.
INFO:root:Database created successfully.
INFO:root:Database created successfully.
INFO:root:Database created successfully.
INFO:root:Database created successfully.
INFO:root:Database created successfully.
INFO:root:Retrieved roadmap history for user divyesh.
INFO:root:Database created successfully.
INFO:root:Retrieved roadmap history for user divyesh.
INFO:root:Database created successfully.
INFO:root:Retrieved roadmap history for user divyesh.
INFO:root:Database created successfully.
INFO:root:Retrieved roadmap history for user divyesh.
INFO:root:Database created successfully.
INFO:root:Database created successfully.
INFO:root:Database created successfully.
INFO:root:Database created successfully.
INFO:root:Database created successfully.
INFO:root:Database created successfully.
INFO:root:Database created successfully.
INFO:root:Database created successfully.
INFO:root:Database created successfully.
INFO:root:Database created successfully.
INFO:root:Retrieved roadmap history for user divyesh.
INFO:root:Database created successfully.
INFO:root:Database created successfully.
INFO:root:Retrieved roadmap history for user divyesh.
INFO:root:Database created successfully.
INFO:root:Retrieved roadmap history for user divyesh.
INFO:root:Database created successfully.
INFO:root:Database created successfully.
INFO:root:Retrieved roadmap history for user divyesh.
INFO:root:Database created successfully.
INFO:root:Retrieved roadmap history for user divyesh.
INFO:root:Database created successfully.
INFO:root:Retrieved roadmap history for user divyesh.
INFO:root:Database created successfully.
INFO:root:Retrieved roadmap history for user divyesh.
INFO:httpx:HTTP Request: POST http://127.0.0.1:11434/api/generate "HTTP/1.1 200 OK"
INFO:root:Roadmap saved for user divyesh.
INFO:root:Database created successfully.
INFO:root:Retrieved roadmap history for user divyesh.
INFO:root:Database created successfully.
INFO:root:Retrieved roadmap history for user divyesh.
INFO:root:Retrieved roadmap history for user divyesh.
INFO:root:Database created successfully.
INFO:root:Retrieved roadmap history for user divyesh.
INFO:root:Database created successfully.
INFO:root:Database created successfully.
INFO:root:Database created successfully.
INFO:root:Retrieved roadmap history for user divyesh.
INFO:root:Retrieved roadmap history for user divyesh.
INFO:root:Retrieved roadmap history for user divyesh.
INFO:root:Retrieved roadmap history for user divyesh.
INFO:root:Retrieved roadmap history for user divyesh.
